# JRE version: OpenJDK Runtime Environment (8.0_352-b08) (build 1.8.0_352-b08)
# Java VM: OpenJDK 64-Bit Server VM (25.352-b08 mixed mode windows-amd64 compressed oops)
Heap:
 PSYoungGen      total 322048K, used 3552K [0x000000076b500000, 0x0000000780600000, 0x00000007c0000000)
  eden space 318464K, 0% used [0x000000076b500000,0x000000076b500000,0x000000077ec00000)
  from space 3584K, 99% used [0x0000000780180000,0x00000007804f8020,0x0000000780500000)
  to   space 13312K, 0% used [0x000000077ec00000,0x000000077ec00000,0x000000077f900000)
 ParOldGen       total 160256K, used 74769K [0x00000006c1e00000, 0x00000006cba80000, 0x000000076b500000)
  object space 160256K, 46% used [0x00000006c1e00000,0x00000006c6704588,0x00000006cba80000)
 Metaspace       used 59195K, capacity 63208K, committed 63232K, reserved 1103872K
  class space    used 7179K, capacity 7920K, committed 7936K, reserved 1048576K
GC Heap History (10 events):
Event: 2459.016 GC heap after
Heap after GC invocations=36 (full 13):
 PSYoungGen      total 338944K, used 0K [0x000000076b500000, 0x0000000781000000, 0x00000007c0000000)
  eden space 329728K, 0% used [0x000000076b500000,0x000000076b500000,0x000000077f700000)
  from space 9216K, 0% used [0x000000077f700000,0x000000077f700000,0x0000000780000000)
  to   space 12800K, 0% used [0x0000000780380000,0x0000000780380000,0x0000000781000000)
 ParOldGen       total 160256K, used 68525K [0x00000006c1e00000, 0x00000006cba80000, 0x000000076b500000)
  object space 160256K, 42% used [0x00000006c1e00000,0x00000006c60eb448,0x00000006cba80000)
 Metaspace       used 57178K, capacity 60966K, committed 61312K, reserved 1103872K
  class space    used 7025K, capacity 7723K, committed 7808K, reserved 1048576K
}
Event: 2519.401 GC heap before
{Heap before GC invocations=37 (full 13):
 PSYoungGen      total 338944K, used 318754K [0x000000076b500000, 0x0000000781000000, 0x00000007c0000000)
  eden space 329728K, 96% used [0x000000076b500000,0x000000077ec48850,0x000000077f700000)
  from space 9216K, 0% used [0x000000077f700000,0x000000077f700000,0x0000000780000000)
  to   space 12800K, 0% used [0x0000000780380000,0x0000000780380000,0x0000000781000000)
 ParOldGen       total 160256K, used 68525K [0x00000006c1e00000, 0x00000006cba80000, 0x000000076b500000)
  object space 160256K, 42% used [0x00000006c1e00000,0x00000006c60eb448,0x00000006cba80000)
 Metaspace       used 58192K, capacity 62098K, committed 62464K, reserved 1103872K
  class space    used 7104K, capacity 7810K, committed 7936K, reserved 1048576K
Event: 2519.409 GC heap after
Heap after GC invocations=37 (full 13):
 PSYoungGen      total 342528K, used 9078K [0x000000076b500000, 0x0000000781000000, 0x00000007c0000000)
  eden space 329728K, 0% used [0x000000076b500000,0x000000076b500000,0x000000077f700000)
  from space 12800K, 70% used [0x0000000780380000,0x0000000780c5d860,0x0000000781000000)
  to   space 12800K, 0% used [0x000000077f700000,0x000000077f700000,0x0000000780380000)
 ParOldGen       total 160256K, used 68533K [0x00000006c1e00000, 0x00000006cba80000, 0x000000076b500000)
  object space 160256K, 42% used [0x00000006c1e00000,0x00000006c60ed448,0x00000006cba80000)
 Metaspace       used 58192K, capacity 62098K, committed 62464K, reserved 1103872K
  class space    used 7104K, capacity 7810K, committed 7936K, reserved 1048576K
}
Event: 2519.409 GC heap before
{Heap before GC invocations=38 (full 14):
 PSYoungGen      total 342528K, used 9078K [0x000000076b500000, 0x0000000781000000, 0x00000007c0000000)
  eden space 329728K, 0% used [0x000000076b500000,0x000000076b500000,0x000000077f700000)
  from space 12800K, 70% used [0x0000000780380000,0x0000000780c5d860,0x0000000781000000)
  to   space 12800K, 0% used [0x000000077f700000,0x000000077f700000,0x0000000780380000)
 ParOldGen       total 160256K, used 68533K [0x00000006c1e00000, 0x00000006cba80000, 0x000000076b500000)
  object space 160256K, 42% used [0x00000006c1e00000,0x00000006c60ed448,0x00000006cba80000)
 Metaspace       used 58192K, capacity 62098K, committed 62464K, reserved 1103872K
  class space    used 7104K, capacity 7810K, committed 7936K, reserved 1048576K
Event: 2519.647 GC heap after
Heap after GC invocations=38 (full 14):
 PSYoungGen      total 342528K, used 0K [0x000000076b500000, 0x0000000781000000, 0x00000007c0000000)
  eden space 329728K, 0% used [0x000000076b500000,0x000000076b500000,0x000000077f700000)
  from space 12800K, 0% used [0x0000000780380000,0x0000000780380000,0x0000000781000000)
  to   space 12800K, 0% used [0x000000077f700000,0x000000077f700000,0x0000000780380000)
 ParOldGen       total 160256K, used 72881K [0x00000006c1e00000, 0x00000006cba80000, 0x000000076b500000)
  object space 160256K, 45% used [0x00000006c1e00000,0x00000006c652c588,0x00000006cba80000)
 Metaspace       used 58151K, capacity 62032K, committed 62464K, reserved 1103872K
  class space    used 7098K, capacity 7799K, committed 7936K, reserved 1048576K
}
Event: 2608.789 GC heap before
{Heap before GC invocations=39 (full 14):
 PSYoungGen      total 342528K, used 329728K [0x000000076b500000, 0x0000000781000000, 0x00000007c0000000)
  eden space 329728K, 100% used [0x000000076b500000,0x000000077f700000,0x000000077f700000)
  from space 12800K, 0% used [0x0000000780380000,0x0000000780380000,0x0000000781000000)
  to   space 12800K, 0% used [0x000000077f700000,0x000000077f700000,0x0000000780380000)
 ParOldGen       total 160256K, used 72881K [0x00000006c1e00000, 0x00000006cba80000, 0x000000076b500000)
  object space 160256K, 45% used [0x00000006c1e00000,0x00000006c652c588,0x00000006cba80000)
 Metaspace       used 59192K, capacity 63202K, committed 63232K, reserved 1103872K
  class space    used 7179K, capacity 7918K, committed 7936K, reserved 1048576K
Event: 2608.796 GC heap after
Heap after GC invocations=39 (full 14):
 PSYoungGen      total 329216K, used 10728K [0x000000076b500000, 0x0000000780500000, 0x00000007c0000000)
  eden space 318464K, 0% used [0x000000076b500000,0x000000076b500000,0x000000077ec00000)
  from space 10752K, 99% used [0x000000077f700000,0x000000078017a1d0,0x0000000780180000)
  to   space 3584K, 0% used [0x0000000780180000,0x0000000780180000,0x0000000780500000)
 ParOldGen       total 160256K, used 72889K [0x00000006c1e00000, 0x00000006cba80000, 0x000000076b500000)
  object space 160256K, 45% used [0x00000006c1e00000,0x00000006c652e588,0x00000006cba80000)
 Metaspace       used 59192K, capacity 63202K, committed 63232K, reserved 1103872K
  class space    used 7179K, capacity 7918K, committed 7936K, reserved 1048576K
}
Event: 2722.768 GC heap before
{Heap before GC invocations=40 (full 14):
 PSYoungGen      total 329216K, used 72893K [0x000000076b500000, 0x0000000780500000, 0x00000007c0000000)
  eden space 318464K, 19% used [0x000000076b500000,0x000000076f1b5548,0x000000077ec00000)
  from space 10752K, 99% used [0x000000077f700000,0x000000078017a1d0,0x0000000780180000)
  to   space 3584K, 0% used [0x0000000780180000,0x0000000780180000,0x0000000780500000)
 ParOldGen       total 160256K, used 72889K [0x00000006c1e00000, 0x00000006cba80000, 0x000000076b500000)
  object space 160256K, 45% used [0x00000006c1e00000,0x00000006c652e588,0x00000006cba80000)
 Metaspace       used 59195K, capacity 63208K, committed 63232K, reserved 1103872K
  class space    used 7179K, capacity 7920K, committed 7936K, reserved 1048576K
Event: 2722.774 GC heap after
Heap after GC invocations=40 (full 14):
 PSYoungGen      total 322048K, used 3552K [0x000000076b500000, 0x0000000780600000, 0x00000007c0000000)
  eden space 318464K, 0% used [0x000000076b500000,0x000000076b500000,0x000000077ec00000)
  from space 3584K, 99% used [0x0000000780180000,0x00000007804f8020,0x0000000780500000)
  to   space 13312K, 0% used [0x000000077ec00000,0x000000077ec00000,0x000000077f900000)
 ParOldGen       total 160256K, used 74769K [0x00000006c1e00000, 0x00000006cba80000, 0x000000076b500000)
  object space 160256K, 46% used [0x00000006c1e00000,0x00000006c6704588,0x00000006cba80000)
 Metaspace       used 59195K, capacity 63208K, committed 63232K, reserved 1103872K
  class space    used 7179K, capacity 7920K, committed 7936K, reserved 1048576K
}
Event: 2722.774 GC heap before
{Heap before GC invocations=41 (full 15):
 PSYoungGen      total 322048K, used 3552K [0x000000076b500000, 0x0000000780600000, 0x00000007c0000000)
  eden space 318464K, 0% used [0x000000076b500000,0x000000076b500000,0x000000077ec00000)
  from space 3584K, 99% used [0x0000000780180000,0x00000007804f8020,0x0000000780500000)
  to   space 13312K, 0% used [0x000000077ec00000,0x000000077ec00000,0x000000077f900000)
 ParOldGen       total 160256K, used 74769K [0x00000006c1e00000, 0x00000006cba80000, 0x000000076b500000)
  object space 160256K, 46% used [0x00000006c1e00000,0x00000006c6704588,0x00000006cba80000)
 Metaspace       used 59195K, capacity 63208K, committed 63232K, reserved 1103872K
  class space    used 7179K, capacity 7920K, committed 7936K, reserved 1048576K

