# JRE version: OpenJDK Runtime Environment (8.0_352-b08) (build 1.8.0_352-b08)
# Java VM: OpenJDK 64-Bit Server VM (25.352-b08 mixed mode windows-amd64 compressed oops)
Heap:
 PSYoungGen      total 55808K, used 1104K [0x000000076b500000, 0x000000076ee00000, 0x00000007c0000000)
  eden space 53248K, 0% used [0x000000076b500000,0x000000076b500000,0x000000076e900000)
  from space 2560K, 43% used [0x000000076e900000,0x000000076ea14030,0x000000076eb80000)
  to   space 2560K, 0% used [0x000000076eb80000,0x000000076eb80000,0x000000076ee00000)
 ParOldGen       total 393216K, used 223777K [0x00000006c1e00000, 0x00000006d9e00000, 0x000000076b500000)
  object space 393216K, 56% used [0x00000006c1e00000,0x00000006cf888600,0x00000006d9e00000)
 Metaspace       used 99358K, capacity 108360K, committed 108672K, reserved 1144832K
  class space    used 10710K, capacity 12581K, committed 12672K, reserved 1048576K
GC Heap History (10 events):
Event: 40648.839 GC heap after
Heap after GC invocations=1574 (full 41):
 PSYoungGen      total 55808K, used 1504K [0x000000076b500000, 0x000000076ee00000, 0x00000007c0000000)
  eden space 53248K, 0% used [0x000000076b500000,0x000000076b500000,0x000000076e900000)
  from space 2560K, 58% used [0x000000076e900000,0x000000076ea780e0,0x000000076eb80000)
  to   space 2560K, 0% used [0x000000076eb80000,0x000000076eb80000,0x000000076ee00000)
 ParOldGen       total 393216K, used 223753K [0x00000006c1e00000, 0x00000006d9e00000, 0x000000076b500000)
  object space 393216K, 56% used [0x00000006c1e00000,0x00000006cf882600,0x00000006d9e00000)
 Metaspace       used 99355K, capacity 108354K, committed 108672K, reserved 1144832K
  class space    used 10710K, capacity 12579K, committed 12672K, reserved 1048576K
}
Event: 40668.635 GC heap before
{Heap before GC invocations=1575 (full 41):
 PSYoungGen      total 55808K, used 54752K [0x000000076b500000, 0x000000076ee00000, 0x00000007c0000000)
  eden space 53248K, 100% used [0x000000076b500000,0x000000076e900000,0x000000076e900000)
  from space 2560K, 58% used [0x000000076e900000,0x000000076ea780e0,0x000000076eb80000)
  to   space 2560K, 0% used [0x000000076eb80000,0x000000076eb80000,0x000000076ee00000)
 ParOldGen       total 393216K, used 223753K [0x00000006c1e00000, 0x00000006d9e00000, 0x000000076b500000)
  object space 393216K, 56% used [0x00000006c1e00000,0x00000006cf882600,0x00000006d9e00000)
 Metaspace       used 99355K, capacity 108354K, committed 108672K, reserved 1144832K
  class space    used 10710K, capacity 12579K, committed 12672K, reserved 1048576K
Event: 40668.637 GC heap after
Heap after GC invocations=1575 (full 41):
 PSYoungGen      total 55808K, used 1536K [0x000000076b500000, 0x000000076ee00000, 0x00000007c0000000)
  eden space 53248K, 0% used [0x000000076b500000,0x000000076b500000,0x000000076e900000)
  from space 2560K, 60% used [0x000000076eb80000,0x000000076ed000c0,0x000000076ee00000)
  to   space 2560K, 0% used [0x000000076e900000,0x000000076e900000,0x000000076eb80000)
 ParOldGen       total 393216K, used 223753K [0x00000006c1e00000, 0x00000006d9e00000, 0x000000076b500000)
  object space 393216K, 56% used [0x00000006c1e00000,0x00000006cf882600,0x00000006d9e00000)
 Metaspace       used 99355K, capacity 108354K, committed 108672K, reserved 1144832K
  class space    used 10710K, capacity 12579K, committed 12672K, reserved 1048576K
}
Event: 40688.728 GC heap before
{Heap before GC invocations=1576 (full 41):
 PSYoungGen      total 55808K, used 54784K [0x000000076b500000, 0x000000076ee00000, 0x00000007c0000000)
  eden space 53248K, 100% used [0x000000076b500000,0x000000076e900000,0x000000076e900000)
  from space 2560K, 60% used [0x000000076eb80000,0x000000076ed000c0,0x000000076ee00000)
  to   space 2560K, 0% used [0x000000076e900000,0x000000076e900000,0x000000076eb80000)
 ParOldGen       total 393216K, used 223753K [0x00000006c1e00000, 0x00000006d9e00000, 0x000000076b500000)
  object space 393216K, 56% used [0x00000006c1e00000,0x00000006cf882600,0x00000006d9e00000)
 Metaspace       used 99355K, capacity 108354K, committed 108672K, reserved 1144832K
  class space    used 10710K, capacity 12579K, committed 12672K, reserved 1048576K
Event: 40688.731 GC heap after
Heap after GC invocations=1576 (full 41):
 PSYoungGen      total 55808K, used 1504K [0x000000076b500000, 0x000000076ee00000, 0x00000007c0000000)
  eden space 53248K, 0% used [0x000000076b500000,0x000000076b500000,0x000000076e900000)
  from space 2560K, 58% used [0x000000076e900000,0x000000076ea780e0,0x000000076eb80000)
  to   space 2560K, 0% used [0x000000076eb80000,0x000000076eb80000,0x000000076ee00000)
 ParOldGen       total 393216K, used 223753K [0x00000006c1e00000, 0x00000006d9e00000, 0x000000076b500000)
  object space 393216K, 56% used [0x00000006c1e00000,0x00000006cf882600,0x00000006d9e00000)
 Metaspace       used 99355K, capacity 108354K, committed 108672K, reserved 1144832K
  class space    used 10710K, capacity 12579K, committed 12672K, reserved 1048576K
}
Event: 40709.062 GC heap before
{Heap before GC invocations=1577 (full 41):
 PSYoungGen      total 55808K, used 54752K [0x000000076b500000, 0x000000076ee00000, 0x00000007c0000000)
  eden space 53248K, 100% used [0x000000076b500000,0x000000076e900000,0x000000076e900000)
  from space 2560K, 58% used [0x000000076e900000,0x000000076ea780e0,0x000000076eb80000)
  to   space 2560K, 0% used [0x000000076eb80000,0x000000076eb80000,0x000000076ee00000)
 ParOldGen       total 393216K, used 223753K [0x00000006c1e00000, 0x00000006d9e00000, 0x000000076b500000)
  object space 393216K, 56% used [0x00000006c1e00000,0x00000006cf882600,0x00000006d9e00000)
 Metaspace       used 99355K, capacity 108354K, committed 108672K, reserved 1144832K
  class space    used 10710K, capacity 12579K, committed 12672K, reserved 1048576K
Event: 40709.064 GC heap after
Heap after GC invocations=1577 (full 41):
 PSYoungGen      total 55808K, used 1344K [0x000000076b500000, 0x000000076ee00000, 0x00000007c0000000)
  eden space 53248K, 0% used [0x000000076b500000,0x000000076b500000,0x000000076e900000)
  from space 2560K, 52% used [0x000000076eb80000,0x000000076ecd00e0,0x000000076ee00000)
  to   space 2560K, 0% used [0x000000076e900000,0x000000076e900000,0x000000076eb80000)
 ParOldGen       total 393216K, used 223753K [0x00000006c1e00000, 0x00000006d9e00000, 0x000000076b500000)
  object space 393216K, 56% used [0x00000006c1e00000,0x00000006cf882600,0x00000006d9e00000)
 Metaspace       used 99355K, capacity 108354K, committed 108672K, reserved 1144832K
  class space    used 10710K, capacity 12579K, committed 12672K, reserved 1048576K
}
Event: 40726.184 GC heap before
{Heap before GC invocations=1578 (full 41):
 PSYoungGen      total 55808K, used 49342K [0x000000076b500000, 0x000000076ee00000, 0x00000007c0000000)
  eden space 53248K, 90% used [0x000000076b500000,0x000000076e3df870,0x000000076e900000)
  from space 2560K, 52% used [0x000000076eb80000,0x000000076ecd00e0,0x000000076ee00000)
  to   space 2560K, 0% used [0x000000076e900000,0x000000076e900000,0x000000076eb80000)
 ParOldGen       total 393216K, used 223753K [0x00000006c1e00000, 0x00000006d9e00000, 0x000000076b500000)
  object space 393216K, 56% used [0x00000006c1e00000,0x00000006cf882600,0x00000006d9e00000)
 Metaspace       used 99358K, capacity 108360K, committed 108672K, reserved 1144832K
  class space    used 10710K, capacity 12581K, committed 12672K, reserved 1048576K
Event: 40726.196 GC heap after
Heap after GC invocations=1578 (full 41):
 PSYoungGen      total 55808K, used 1104K [0x000000076b500000, 0x000000076ee00000, 0x00000007c0000000)
  eden space 53248K, 0% used [0x000000076b500000,0x000000076b500000,0x000000076e900000)
  from space 2560K, 43% used [0x000000076e900000,0x000000076ea14030,0x000000076eb80000)
  to   space 2560K, 0% used [0x000000076eb80000,0x000000076eb80000,0x000000076ee00000)
 ParOldGen       total 393216K, used 223777K [0x00000006c1e00000, 0x00000006d9e00000, 0x000000076b500000)
  object space 393216K, 56% used [0x00000006c1e00000,0x00000006cf888600,0x00000006d9e00000)
 Metaspace       used 99358K, capacity 108360K, committed 108672K, reserved 1144832K
  class space    used 10710K, capacity 12581K, committed 12672K, reserved 1048576K
}
Event: 40726.197 GC heap before
{Heap before GC invocations=1579 (full 42):
 PSYoungGen      total 55808K, used 1104K [0x000000076b500000, 0x000000076ee00000, 0x00000007c0000000)
  eden space 53248K, 0% used [0x000000076b500000,0x000000076b500000,0x000000076e900000)
  from space 2560K, 43% used [0x000000076e900000,0x000000076ea14030,0x000000076eb80000)
  to   space 2560K, 0% used [0x000000076eb80000,0x000000076eb80000,0x000000076ee00000)
 ParOldGen       total 393216K, used 223777K [0x00000006c1e00000, 0x00000006d9e00000, 0x000000076b500000)
  object space 393216K, 56% used [0x00000006c1e00000,0x00000006cf888600,0x00000006d9e00000)
 Metaspace       used 99358K, capacity 108360K, committed 108672K, reserved 1144832K
  class space    used 10710K, capacity 12581K, committed 12672K, reserved 1048576K

